<?xml version="1.0" encoding="UTF-8"?>
<!-- Generated by org.testng.reporters.JUnitReportReporter -->
<testsuite hostname="salimsouidi" failures="0" tests="1" name="loginTest.LoginTest" time="18.268" errors="0" timestamp="2023-09-27T16:57:58 GMT+01:00" skipped="0">
  <testcase classname="loginTest.LoginTest" name="loginTest" time="18.268"/>
  <system-out/>
</testsuite> <!-- loginTest.LoginTest -->
