<?xml version="1.0" encoding="UTF-8"?>
<!-- Generated by org.testng.reporters.JUnitReportReporter -->
<testsuite hostname="salimsouidi" failures="0" tests="1" name="loginTest.ResetPasswordTest" time="13.835" errors="0" timestamp="2023-09-27T17:11:23 GMT+01:00" skipped="0">
  <testcase classname="loginTest.ResetPasswordTest" name="resetPasswordTest" time="13.835"/>
  <system-out/>
</testsuite> <!-- loginTest.ResetPasswordTest -->
