<?xml version="1.0" encoding="UTF-8"?>
<!-- Generated by org.testng.reporters.JUnitReportReporter -->
<testsuite hostname="salimsouidi" failures="0" tests="1" name="signupTest.SignUpTest" time="22.816" errors="0" timestamp="2023-09-27T00:36:25 GMT+01:00" skipped="0">
  <testcase classname="signupTest.SignUpTest" name="signUpTest" time="22.816"/>
  <system-out/>
</testsuite> <!-- signupTest.SignUpTest -->
